 Fermi distribution function

Calculation with static geometry


********************************************************************************
 iSCC Total electronic   Diff electronic      SCC error    
    8   -0.33208216E+02   -0.53704028E-08    0.67038963E-05
********************************************************************************

 Total charge:    -0.00000000

 Atomic gross charges (e)
 Atom           Charge
    1      -0.61103598
    2       0.31824413
    3       0.29773139
    4      -0.61780630
    5       0.31196019
    6       0.30001426
    7      -0.60752285
    8       0.29728375
    9       0.30941273
   10      -0.60299872
   11       0.29092371
   12       0.32030506
   13      -0.61764606
   14       0.30752960
   15       0.30201349
   16      -0.60958693
   17       0.30414318
   18       0.30455411
   19      -0.59663222
   20       0.31017512
   21       0.28624128
   22      -0.61112699
   23       0.31371373
   24       0.30011030

Nr. of electrons (up):     64.00000000
Atom populations (up)
 Atom       Population
    1       6.61103598
    2       0.68175587
    3       0.70226861
    4       6.61780630
    5       0.68803981
    6       0.69998574
    7       6.60752285
    8       0.70271625
    9       0.69058727
   10       6.60299872
   11       0.70907629
   12       0.67969494
   13       6.61764606
   14       0.69247040
   15       0.69798651
   16       6.60958693
   17       0.69585682
   18       0.69544589
   19       6.59663222
   20       0.68982488
   21       0.71375872
   22       6.61112699
   23       0.68628627
   24       0.69988970

l-shell populations (up)
 Atom Sh.   l       Population
    1   1   0       1.76948951
    1   2   1       4.84154647
    2   1   0       0.68175587
    3   1   0       0.70226861
    4   1   0       1.75457757
    4   2   1       4.86322873
    5   1   0       0.68803981
    6   1   0       0.69998574
    7   1   0       1.74782843
    7   2   1       4.85969442
    8   1   0       0.70271625
    9   1   0       0.69058727
   10   1   0       1.73669986
   10   2   1       4.86629886
   11   1   0       0.70907629
   12   1   0       0.67969494
   13   1   0       1.74378313
   13   2   1       4.87386293
   14   1   0       0.69247040
   15   1   0       0.69798651
   16   1   0       1.74490411
   16   2   1       4.86468282
   17   1   0       0.69585682
   18   1   0       0.69544589
   19   1   0       1.75923734
   19   2   1       4.83739488
   20   1   0       0.68982488
   21   1   0       0.71375872
   22   1   0       1.71693958
   22   2   1       4.89418740
   23   1   0       0.68628627
   24   1   0       0.69988970

Orbital populations (up)
 Atom Sh.   l   m       Population  Label
    1   1   0   0       1.76948951  s
    1   2   1  -1       1.25984343  p_y
    1   2   1   0       1.60292010  p_z
    1   2   1   1       1.97878294  p_x
    2   1   0   0       0.68175587  s
    3   1   0   0       0.70226861  s
    4   1   0   0       1.75457757  s
    4   2   1  -1       1.70871587  p_y
    4   2   1   0       1.53147161  p_z
    4   2   1   1       1.62304124  p_x
    5   1   0   0       0.68803981  s
    6   1   0   0       0.69998574  s
    7   1   0   0       1.74782843  s
    7   2   1  -1       1.83573514  p_y
    7   2   1   0       1.63915162  p_z
    7   2   1   1       1.38480766  p_x
    8   1   0   0       0.70271625  s
    9   1   0   0       0.69058727  s
   10   1   0   0       1.73669986  s
   10   2   1  -1       1.66176266  p_y
   10   2   1   0       1.22810772  p_z
   10   2   1   1       1.97642848  p_x
   11   1   0   0       0.70907629  s
   12   1   0   0       0.67969494  s
   13   1   0   0       1.74378313  s
   13   2   1  -1       1.82756144  p_y
   13   2   1   0       1.75746413  p_z
   13   2   1   1       1.28883735  p_x
   14   1   0   0       0.69247040  s
   15   1   0   0       0.69798651  s
   16   1   0   0       1.74490411  s
   16   2   1  -1       1.28922013  p_y
   16   2   1   0       1.59518640  p_z
   16   2   1   1       1.98027630  p_x
   17   1   0   0       0.69585682  s
   18   1   0   0       0.69544589  s
   19   1   0   0       1.75923734  s
   19   2   1  -1       1.30871047  p_y
   19   2   1   0       1.80838294  p_z
   19   2   1   1       1.72030146  p_x
   20   1   0   0       0.68982488  s
   21   1   0   0       0.71375872  s
   22   1   0   0       1.71693958  s
   22   2   1  -1       1.25190712  p_y
   22   2   1   0       1.80540499  p_z
   22   2   1   1       1.83687530  p_x
   23   1   0   0       0.68628627  s
   24   1   0   0       0.69988970  s

Fermi level:                         0.0121115878 H            0.3296 eV
Band energy:                       -28.7262098714 H         -781.6799 eV
TS:                                  0.0000000000 H            0.0000 eV
Band free energy (E-TS):           -28.7262098714 H         -781.6799 eV
Extrapolated E(0K):                -28.7262098714 H         -781.6799 eV
Input / Output electrons (q):     64.0000000000     64.0000000000

Energy H0:                         -33.3457877646 H         -907.3851 eV
Energy SCC:                          0.1448467836 H            3.9415 eV
Solvation energy:                   -0.0072746204 H           -0.1980 eV
Total Electronic energy:           -33.2082156015 H         -903.6415 eV
Repulsive energy:                    0.6276518465 H           17.0793 eV
Dispersion energy:                  -0.0098496288 H           -0.2680 eV
Total energy:                      -32.5904133837 H         -886.8303 eV
Extrapolated to 0:                 -32.5904133837 H         -886.8303 eV
Total Mermin free energy:          -32.5904133837 H         -886.8303 eV
Force related energy:              -32.5904133837 H         -886.8303 eV

Non-constrained calculation

SCC converged

Total Forces
    1      0.006968803428     -0.029897287059      0.054406241684
    2     -0.001955998486     -0.014989915230      0.001496442725
    3     -0.006002549389      0.043893380957     -0.056321084639
    4      0.030155659468      0.016250343106      0.000207044975
    5     -0.030793545572     -0.018388790685     -0.005848333977
    6      0.001037990992      0.005129478221      0.008031941031
    7     -0.012855056822      0.005520985950     -0.000540571353
    8      0.004710585825     -0.005680435639      0.005138325843
    9      0.009278971933      0.000388010140     -0.005422741808
   10      0.022469435459     -0.052437046546     -0.175306951478
   11     -0.012166423963     -0.045645968312      0.046803042932
   12     -0.010730874146      0.098390379071      0.127302648817
   13     -0.058557884602      0.028211066876     -0.015214680436
   14      0.053773149850     -0.039773298846      0.033281463100
   15      0.004962407342      0.010190514095     -0.016637582349
   16      0.001598166772     -0.015607767051     -0.000068134946
   17     -0.000803194402      0.009270545529      0.007173820760
   18      0.000216836343      0.005593606377     -0.006589279740
   19      0.006771886995     -0.070916821145      0.005162910912
   20     -0.019301803536      0.016629292157     -0.014372440472
   21      0.011807206564      0.054371884025      0.009546841787
   22      0.053993511485     -0.140370482817     -0.066737556399
   23     -0.050081484745      0.166702134847      0.060900764113
   24     -0.004495796792     -0.026833808019      0.003607868918

Maximal derivative component:        0.175307E+00 au

Dipole moment:   -0.71773362    0.46553831    1.23782822 au
Dipole moment:   -1.82429704    1.18328045    3.14624576 Debye


